\BOOKMARK [1][-]{section*.4}{\376\377\000I\000n\000t\000r\000o\000d\000u\000c\000t\000i\000o\000n}{}% 1
\BOOKMARK [2][-]{section*.5}{\376\377\000H\000e\000a\000d\000i\000n\000g\000\040\000I\000I}{section*.4}% 2
\BOOKMARK [3][-]{section*.6}{\376\377\000H\000e\000a\000d\000i\000n\000g\000\040\000I\000I\000I}{section*.5}% 3
\BOOKMARK [4][-]{section*.7}{\376\377\000H\000e\000a\000d\000i\000n\000g\000\040\000I\000V}{section*.6}% 4
\BOOKMARK [5][-]{section*.8}{}{section*.7}% 5
\BOOKMARK [1][-]{section*.9}{\376\377\000P\000r\000o\000j\000e\000c\000t\000\040\000R\000e\000q\000u\000i\000r\000e\000m\000e\000n\000t}{}% 6
\BOOKMARK [2][-]{section*.10}{\376\377\000H\000e\000a\000d\000i\000n\000g\000\040\000I\000I}{section*.9}% 7
\BOOKMARK [3][-]{section*.11}{\376\377\000H\000e\000a\000d\000i\000n\000g\000\040\000I\000I\000I}{section*.10}% 8
\BOOKMARK [4][-]{section*.12}{\376\377\000H\000e\000a\000d\000i\000n\000g\000\040\000I\000V}{section*.11}% 9
\BOOKMARK [5][-]{section*.13}{}{section*.12}% 10
\BOOKMARK [1][-]{section*.14}{\376\377\000O\000v\000e\000r\000v\000i\000e\000w\000\040\000o\000f\000\040\000t\000h\000e\000\040\000D\000e\000s\000i\000g\000n}{}% 11
\BOOKMARK [2][-]{section*.15}{\376\377\000H\000e\000a\000d\000i\000n\000g\000\040\000I\000I}{section*.14}% 12
\BOOKMARK [3][-]{section*.16}{\376\377\000H\000e\000a\000d\000i\000n\000g\000\040\000I\000I\000I}{section*.15}% 13
\BOOKMARK [4][-]{section*.17}{\376\377\000H\000e\000a\000d\000i\000n\000g\000\040\000I\000V}{section*.16}% 14
\BOOKMARK [5][-]{section*.18}{}{section*.17}% 15
\BOOKMARK [1][-]{section*.19}{\376\377\000M\000u\000l\000t\000i\000p\000l\000i\000c\000a\000t\000i\000o\000n\000\040\000i\000n\000\040\000T\000h\000r\000e\000e\000\040\000O\000p\000e\000r\000a\000n\000d\000s}{}% 16
\BOOKMARK [2][-]{section*.20}{\376\377\000R\000a\000d\000i\000x\000-\0004\000\040\000B\000o\000o\000t\000h\000\040\000A\000l\000g\000o\000r\000i\000t\000h\000m\000\040\000L\000o\000g\000i\000c\000\040\000i\000n\000\040\000D\000e\000t\000a\000i\000l\000s}{section*.19}% 17
\BOOKMARK [3][-]{section*.21}{\376\377\000E\000x\000a\000m\000p\000l\000e\000\040\000i\000n\000\040\000S\000i\000g\000n\000e\000d\000\040\000N\000u\000m\000b\000e\000r\000\040\000M\000u\000l\000t\000i\000p\000l\000i\000c\000a\000t\000i\000o\000n}{section*.20}% 18
\BOOKMARK [3][-]{section*.25}{\376\377\000E\000x\000a\000m\000p\000l\000e\000\040\000i\000n\000\040\000U\000n\000s\000i\000g\000n\000e\000d\000\040\000N\000u\000m\000b\000e\000r\000\040\000M\000u\000l\000t\000i\000p\000l\000i\000c\000a\000t\000i\000o\000n}{section*.20}% 19
\BOOKMARK [2][-]{section*.28}{\376\377\000R\000a\000d\000i\000x\000-\0004\000\040\000B\000o\000o\000t\000h\000\040\000M\000u\000l\000t\000i\000p\000l\000i\000e\000r\000\040\000C\000i\000r\000c\000u\000i\000t\000\040\000I\000m\000p\000l\000e\000m\000e\000n\000t\000a\000t\000i\000o\000n}{section*.19}% 20
\BOOKMARK [3][-]{section*.29}{\376\377\000O\000v\000e\000r\000a\000l\000l\000\040\000C\000i\000r\000c\000u\000i\000t\000\040\000D\000e\000s\000i\000g\000n\000\040\000a\000n\000d\000\040\000R\000T\000L\000\040\000D\000e\000s\000c\000r\000i\000p\000t\000i\000o\000n}{section*.28}% 21
\BOOKMARK [3][-]{section*.31}{\376\377\000B\000l\000o\000c\000k\000s\000\040\000D\000e\000s\000i\000g\000n}{section*.28}% 22
\BOOKMARK [4][-]{section*.32}{\376\377\000T\000h\000e\000\040\0009\000-\000b\000i\000t\000\040\000C\000o\000m\000p\000l\000e\000m\000e\000n\000t\000\040\000G\000e\000n\000e\000r\000a\000t\000o\000r\000\040\000f\000o\000r\000\040\000t\000h\000e\000\040\000N\000e\000g\000a\000t\000i\000o\000n\000\040\000o\000f\000\040\000t\000h\000e\000\040\000M\000u\000l\000t\000i\000p\000l\000i\000e\000r}{section*.31}% 23
\BOOKMARK [4][-]{section*.35}{\376\377\000B\000o\000o\000t\000h\000\040\000S\000t\000a\000g\000e\000\040\0000}{section*.31}% 24
\BOOKMARK [4][-]{section*.38}{\376\377\000B\000o\000o\000t\000h\000\040\000S\000t\000a\000g\000e\000\040\0001}{section*.31}% 25
\BOOKMARK [4][-]{section*.41}{\376\377\000B\000o\000o\000t\000h\000\040\000S\000t\000a\000g\000e\000\040\0002\000,\000\040\0003\000,\000\040\000a\000n\000d\000\040\0004}{section*.31}% 26
\BOOKMARK [2][-]{section*.42}{\376\377\000T\000r\000i\000p\000l\000e\000\040\000O\000p\000e\000r\000a\000n\000d\000s\000\040\000M\000u\000l\000t\000i\000p\000l\000i\000e\000r\000\040\000C\000i\000r\000c\000u\000i\000t\000\040\000I\000m\000p\000l\000e\000m\000e\000n\000t\000a\000t\000i\000o\000n}{section*.19}% 27
\BOOKMARK [1][-]{section*.44}{\376\377\000C\000a\000r\000r\000y\000\040\000S\000e\000l\000e\000c\000t\000\040\000A\000d\000d\000e\000r}{}% 28
\BOOKMARK [2][-]{section*.45}{\376\377\000H\000e\000a\000d\000i\000n\000g\000\040\000I\000I}{section*.44}% 29
\BOOKMARK [3][-]{section*.46}{\376\377\000H\000e\000a\000d\000i\000n\000g\000\040\000I\000I\000I}{section*.45}% 30
\BOOKMARK [4][-]{section*.47}{\376\377\000H\000e\000a\000d\000i\000n\000g\000\040\000I\000V}{section*.46}% 31
\BOOKMARK [5][-]{section*.48}{}{section*.47}% 32
\BOOKMARK [1][-]{section*.49}{\376\377\000O\000v\000e\000r\000f\000l\000o\000w\000\040\000H\000a\000n\000d\000l\000i\000n\000g}{}% 33
\BOOKMARK [2][-]{section*.50}{\376\377\000H\000e\000a\000d\000i\000n\000g\000\040\000I\000I}{section*.49}% 34
\BOOKMARK [3][-]{section*.51}{\376\377\000H\000e\000a\000d\000i\000n\000g\000\040\000I\000I\000I}{section*.50}% 35
\BOOKMARK [4][-]{section*.52}{\376\377\000H\000e\000a\000d\000i\000n\000g\000\040\000I\000V}{section*.51}% 36
\BOOKMARK [5][-]{section*.53}{}{section*.52}% 37
\BOOKMARK [1][-]{section*.54}{\376\377\000N\000o\000n\000-\000p\000i\000p\000e\000l\000i\000n\000i\000n\000g\000\040\000I\000m\000p\000l\000e\000m\000e\000n\000t\000a\000t\000i\000o\000n}{}% 38
\BOOKMARK [2][-]{section*.55}{\376\377\000H\000e\000a\000d\000i\000n\000g\000\040\000I\000I}{section*.54}% 39
\BOOKMARK [3][-]{section*.56}{\376\377\000H\000e\000a\000d\000i\000n\000g\000\040\000I\000I\000I}{section*.55}% 40
\BOOKMARK [4][-]{section*.57}{\376\377\000H\000e\000a\000d\000i\000n\000g\000\040\000I\000V}{section*.56}% 41
\BOOKMARK [5][-]{section*.58}{}{section*.57}% 42
\BOOKMARK [1][-]{section*.59}{\376\377\000P\000i\000p\000e\000l\000i\000n\000i\000n\000g\000\040\000I\000m\000p\000l\000e\000m\000e\000n\000t\000a\000t\000i\000o\000n}{}% 43
\BOOKMARK [2][-]{section*.60}{\376\377\000H\000e\000a\000d\000i\000n\000g\000\040\000I\000I}{section*.59}% 44
\BOOKMARK [3][-]{section*.61}{\376\377\000H\000e\000a\000d\000i\000n\000g\000\040\000I\000I\000I}{section*.60}% 45
\BOOKMARK [4][-]{section*.62}{\376\377\000H\000e\000a\000d\000i\000n\000g\000\040\000I\000V}{section*.61}% 46
\BOOKMARK [5][-]{section*.63}{}{section*.62}% 47
\BOOKMARK [1][-]{section*.64}{\376\377\000S\000y\000n\000t\000h\000e\000s\000i\000s\000\040\000a\000n\000d\000\040\000A\000n\000a\000l\000y\000s\000i\000s\000\040\000o\000f\000\040\000t\000h\000e\000\040\000A\000r\000i\000t\000h\000m\000e\000t\000i\000c\000\040\000C\000i\000r\000c\000u\000i\000t}{}% 48
\BOOKMARK [2][-]{section*.65}{\376\377\000H\000e\000a\000d\000i\000n\000g\000\040\000I\000I}{section*.64}% 49
\BOOKMARK [3][-]{section*.66}{\376\377\000H\000e\000a\000d\000i\000n\000g\000\040\000I\000I\000I}{section*.65}% 50
\BOOKMARK [4][-]{section*.67}{\376\377\000H\000e\000a\000d\000i\000n\000g\000\040\000I\000V}{section*.66}% 51
\BOOKMARK [5][-]{section*.68}{}{section*.67}% 52
\BOOKMARK [1][-]{section*.69}{\376\377\000R\000e\000f\000e\000r\000e\000n\000c\000e\000s}{}% 53
